
**************************************************
2016-04-19 12:29:23.025292
**************************************************
START LINE:
***
POST 10.24.64.112:5000 HTTP/1.1

HEADER:
***
ACCEPT: text/plain, application/json, application/*+json, */*
USER-AGENT: Mozilla/5.0
ACCEPT-LANGUAGE: en-US,en;q=0.5
CONTENT-TYPE: application/json
AUTHORIZATION: Bearer 55d93ee22fc7310817ad30f9f23fe107
ACCEPT-CHARSET: big5, big5-hkscs, cesu-8, euc-jp, euc-kr, gb18030, gb2312, gbk, ibm-thai, ibm00858, ibm01140, ibm01141, ibm01142, ibm01143, ibm01144, ibm01145, ibm01146, ibm01147, ibm01148, ibm01149, ibm037, ibm1026, ibm1047, ibm273, ibm277, ibm278, ibm280, ibm284, ibm285, ibm290, ibm297, ibm420, ibm424, ibm437, ibm500, ibm775, ibm850, ibm852, ibm855, ibm857, ibm860, ibm861, ibm862, ibm863, ibm864, ibm865, ibm866, ibm868, ibm869, ibm870, ibm871, ibm918, iso-2022-cn, iso-2022-jp, iso-2022-jp-2, iso-2022-kr, iso-8859-1, iso-8859-13, iso-8859-15, iso-8859-2, iso-8859-3, iso-8859-4, iso-8859-5, iso-8859-6, iso-8859-7, iso-8859-8, iso-8859-9, jis_x0201, jis_x0212-1990, koi8-r, koi8-u, shift_jis, tis-620, us-ascii, utf-16, utf-16be, utf-16le, utf-32, utf-32be, utf-32le, utf-8, windows-1250, windows-1251, windows-1252, windows-1253, windows-1254, windows-1255, windows-1256, windows-1257, windows-1258, windows-31j, x-big5-hkscs-2001, x-big5-solaris, x-compound_text, x-euc-jp-linux, x-euc-tw, x-eucjp-open, x-ibm1006, x-ibm1025, x-ibm1046, x-ibm1097, x-ibm1098, x-ibm1112, x-ibm1122, x-ibm1123, x-ibm1124, x-ibm1166, x-ibm1364, x-ibm1381, x-ibm1383, x-ibm300, x-ibm33722, x-ibm737, x-ibm833, x-ibm834, x-ibm856, x-ibm874, x-ibm875, x-ibm921, x-ibm922, x-ibm930, x-ibm933, x-ibm935, x-ibm937, x-ibm939, x-ibm942, x-ibm942c, x-ibm943, x-ibm943c, x-ibm948, x-ibm949, x-ibm949c, x-ibm950, x-ibm964, x-ibm970, x-iscii91, x-iso-2022-cn-cns, x-iso-2022-cn-gb, x-iso-8859-11, x-jis0208, x-jisautodetect, x-johab, x-macarabic, x-maccentraleurope, x-maccroatian, x-maccyrillic, x-macdingbat, x-macgreek, x-machebrew, x-maciceland, x-macroman, x-macromania, x-macsymbol, x-macthai, x-macturkish, x-macukraine, x-ms932_0213, x-ms950-hkscs, x-ms950-hkscs-xp, x-mswin-936, x-pck, x-sjis_0213, x-utf-16le-bom, x-utf-32be-bom, x-utf-32le-bom, x-windows-50220, x-windows-50221, x-windows-874, x-windows-949, x-windows-950, x-windows-iso2022jp
CONTENT-LENGTH: 130
HOST: 10.24.64.112:5000
CONNECTION: Keep-Alive
ACCEPT-ENCODING: gzip,deflate

BODY:
***
[{"wauid":"6775f00c-5d4b-4ae0-9b29-db0698e58522","reoid":"QA17708","unitnum":8,"status":"1","custobj":{"Message":"","Reason":""}}]

**************************************************
2016-04-19 14:59:23.196358
**************************************************
START LINE:
***
POST 10.24.64.112:5000 HTTP/1.1

HEADER:
***
ACCEPT: text/plain, application/json, application/*+json, */*
USER-AGENT: Mozilla/5.0
ACCEPT-LANGUAGE: en-US,en;q=0.5
CONTENT-TYPE: application/json
AUTHORIZATION: Bearer 153d93375dc79d1dc7edc396975dd1fe
ACCEPT-CHARSET: big5, big5-hkscs, cesu-8, euc-jp, euc-kr, gb18030, gb2312, gbk, ibm-thai, ibm00858, ibm01140, ibm01141, ibm01142, ibm01143, ibm01144, ibm01145, ibm01146, ibm01147, ibm01148, ibm01149, ibm037, ibm1026, ibm1047, ibm273, ibm277, ibm278, ibm280, ibm284, ibm285, ibm290, ibm297, ibm420, ibm424, ibm437, ibm500, ibm775, ibm850, ibm852, ibm855, ibm857, ibm860, ibm861, ibm862, ibm863, ibm864, ibm865, ibm866, ibm868, ibm869, ibm870, ibm871, ibm918, iso-2022-cn, iso-2022-jp, iso-2022-jp-2, iso-2022-kr, iso-8859-1, iso-8859-13, iso-8859-15, iso-8859-2, iso-8859-3, iso-8859-4, iso-8859-5, iso-8859-6, iso-8859-7, iso-8859-8, iso-8859-9, jis_x0201, jis_x0212-1990, koi8-r, koi8-u, shift_jis, tis-620, us-ascii, utf-16, utf-16be, utf-16le, utf-32, utf-32be, utf-32le, utf-8, windows-1250, windows-1251, windows-1252, windows-1253, windows-1254, windows-1255, windows-1256, windows-1257, windows-1258, windows-31j, x-big5-hkscs-2001, x-big5-solaris, x-compound_text, x-euc-jp-linux, x-euc-tw, x-eucjp-open, x-ibm1006, x-ibm1025, x-ibm1046, x-ibm1097, x-ibm1098, x-ibm1112, x-ibm1122, x-ibm1123, x-ibm1124, x-ibm1166, x-ibm1364, x-ibm1381, x-ibm1383, x-ibm300, x-ibm33722, x-ibm737, x-ibm833, x-ibm834, x-ibm856, x-ibm874, x-ibm875, x-ibm921, x-ibm922, x-ibm930, x-ibm933, x-ibm935, x-ibm937, x-ibm939, x-ibm942, x-ibm942c, x-ibm943, x-ibm943c, x-ibm948, x-ibm949, x-ibm949c, x-ibm950, x-ibm964, x-ibm970, x-iscii91, x-iso-2022-cn-cns, x-iso-2022-cn-gb, x-iso-8859-11, x-jis0208, x-jisautodetect, x-johab, x-macarabic, x-maccentraleurope, x-maccroatian, x-maccyrillic, x-macdingbat, x-macgreek, x-machebrew, x-maciceland, x-macroman, x-macromania, x-macsymbol, x-macthai, x-macturkish, x-macukraine, x-ms932_0213, x-ms950-hkscs, x-ms950-hkscs-xp, x-mswin-936, x-pck, x-sjis_0213, x-utf-16le-bom, x-utf-32be-bom, x-utf-32le-bom, x-windows-50220, x-windows-50221, x-windows-874, x-windows-949, x-windows-950, x-windows-iso2022jp
CONTENT-LENGTH: 167
HOST: 10.24.64.112:5000
CONNECTION: Keep-Alive
ACCEPT-ENCODING: gzip,deflate

BODY:
***
[{"wauid":"99c74d65-58e0-4568-85c1-ad796a949192","reoid":"QA28926","unitnum":8,"status":"0","custobj":{"Message":"Please replace this picture.","Reason":"Rep Issue"}}]

**************************************************
2016-04-19 16:09:23.344532
**************************************************
START LINE:
***
POST 10.24.64.112:5000 HTTP/1.1

HEADER:
***
ACCEPT: text/plain, application/json, application/*+json, */*
USER-AGENT: Mozilla/5.0
ACCEPT-LANGUAGE: en-US,en;q=0.5
CONTENT-TYPE: application/json
AUTHORIZATION: Bearer 411265e99f613785c785c4a99bf17c81
ACCEPT-CHARSET: big5, big5-hkscs, cesu-8, euc-jp, euc-kr, gb18030, gb2312, gbk, ibm-thai, ibm00858, ibm01140, ibm01141, ibm01142, ibm01143, ibm01144, ibm01145, ibm01146, ibm01147, ibm01148, ibm01149, ibm037, ibm1026, ibm1047, ibm273, ibm277, ibm278, ibm280, ibm284, ibm285, ibm290, ibm297, ibm420, ibm424, ibm437, ibm500, ibm775, ibm850, ibm852, ibm855, ibm857, ibm860, ibm861, ibm862, ibm863, ibm864, ibm865, ibm866, ibm868, ibm869, ibm870, ibm871, ibm918, iso-2022-cn, iso-2022-jp, iso-2022-jp-2, iso-2022-kr, iso-8859-1, iso-8859-13, iso-8859-15, iso-8859-2, iso-8859-3, iso-8859-4, iso-8859-5, iso-8859-6, iso-8859-7, iso-8859-8, iso-8859-9, jis_x0201, jis_x0212-1990, koi8-r, koi8-u, shift_jis, tis-620, us-ascii, utf-16, utf-16be, utf-16le, utf-32, utf-32be, utf-32le, utf-8, windows-1250, windows-1251, windows-1252, windows-1253, windows-1254, windows-1255, windows-1256, windows-1257, windows-1258, windows-31j, x-big5-hkscs-2001, x-big5-solaris, x-compound_text, x-euc-jp-linux, x-euc-tw, x-eucjp-open, x-ibm1006, x-ibm1025, x-ibm1046, x-ibm1097, x-ibm1098, x-ibm1112, x-ibm1122, x-ibm1123, x-ibm1124, x-ibm1166, x-ibm1364, x-ibm1381, x-ibm1383, x-ibm300, x-ibm33722, x-ibm737, x-ibm833, x-ibm834, x-ibm856, x-ibm874, x-ibm875, x-ibm921, x-ibm922, x-ibm930, x-ibm933, x-ibm935, x-ibm937, x-ibm939, x-ibm942, x-ibm942c, x-ibm943, x-ibm943c, x-ibm948, x-ibm949, x-ibm949c, x-ibm950, x-ibm964, x-ibm970, x-iscii91, x-iso-2022-cn-cns, x-iso-2022-cn-gb, x-iso-8859-11, x-jis0208, x-jisautodetect, x-johab, x-macarabic, x-maccentraleurope, x-maccroatian, x-maccyrillic, x-macdingbat, x-macgreek, x-machebrew, x-maciceland, x-macroman, x-macromania, x-macsymbol, x-macthai, x-macturkish, x-macukraine, x-ms932_0213, x-ms950-hkscs, x-ms950-hkscs-xp, x-mswin-936, x-pck, x-sjis_0213, x-utf-16le-bom, x-utf-32be-bom, x-utf-32le-bom, x-windows-50220, x-windows-50221, x-windows-874, x-windows-949, x-windows-950, x-windows-iso2022jp
CONTENT-LENGTH: 130
HOST: 10.24.64.112:5000
CONNECTION: Keep-Alive
ACCEPT-ENCODING: gzip,deflate

BODY:
***
[{"wauid":"99c74d65-58e0-4568-85c1-ad796a949192","reoid":"QA28926","unitnum":8,"status":"0","custobj":{"Message":"","Reason":""}}]

**************************************************
2016-04-19 16:39:23.326203
**************************************************
START LINE:
***
POST 10.24.64.112:5000 HTTP/1.1

HEADER:
***
ACCEPT: text/plain, application/json, application/*+json, */*
USER-AGENT: Mozilla/5.0
ACCEPT-LANGUAGE: en-US,en;q=0.5
CONTENT-TYPE: application/json
AUTHORIZATION: Bearer ecae5feea71d7f1d74c82f132062a53b
ACCEPT-CHARSET: big5, big5-hkscs, cesu-8, euc-jp, euc-kr, gb18030, gb2312, gbk, ibm-thai, ibm00858, ibm01140, ibm01141, ibm01142, ibm01143, ibm01144, ibm01145, ibm01146, ibm01147, ibm01148, ibm01149, ibm037, ibm1026, ibm1047, ibm273, ibm277, ibm278, ibm280, ibm284, ibm285, ibm290, ibm297, ibm420, ibm424, ibm437, ibm500, ibm775, ibm850, ibm852, ibm855, ibm857, ibm860, ibm861, ibm862, ibm863, ibm864, ibm865, ibm866, ibm868, ibm869, ibm870, ibm871, ibm918, iso-2022-cn, iso-2022-jp, iso-2022-jp-2, iso-2022-kr, iso-8859-1, iso-8859-13, iso-8859-15, iso-8859-2, iso-8859-3, iso-8859-4, iso-8859-5, iso-8859-6, iso-8859-7, iso-8859-8, iso-8859-9, jis_x0201, jis_x0212-1990, koi8-r, koi8-u, shift_jis, tis-620, us-ascii, utf-16, utf-16be, utf-16le, utf-32, utf-32be, utf-32le, utf-8, windows-1250, windows-1251, windows-1252, windows-1253, windows-1254, windows-1255, windows-1256, windows-1257, windows-1258, windows-31j, x-big5-hkscs-2001, x-big5-solaris, x-compound_text, x-euc-jp-linux, x-euc-tw, x-eucjp-open, x-ibm1006, x-ibm1025, x-ibm1046, x-ibm1097, x-ibm1098, x-ibm1112, x-ibm1122, x-ibm1123, x-ibm1124, x-ibm1166, x-ibm1364, x-ibm1381, x-ibm1383, x-ibm300, x-ibm33722, x-ibm737, x-ibm833, x-ibm834, x-ibm856, x-ibm874, x-ibm875, x-ibm921, x-ibm922, x-ibm930, x-ibm933, x-ibm935, x-ibm937, x-ibm939, x-ibm942, x-ibm942c, x-ibm943, x-ibm943c, x-ibm948, x-ibm949, x-ibm949c, x-ibm950, x-ibm964, x-ibm970, x-iscii91, x-iso-2022-cn-cns, x-iso-2022-cn-gb, x-iso-8859-11, x-jis0208, x-jisautodetect, x-johab, x-macarabic, x-maccentraleurope, x-maccroatian, x-maccyrillic, x-macdingbat, x-macgreek, x-machebrew, x-maciceland, x-macroman, x-macromania, x-macsymbol, x-macthai, x-macturkish, x-macukraine, x-ms932_0213, x-ms950-hkscs, x-ms950-hkscs-xp, x-mswin-936, x-pck, x-sjis_0213, x-utf-16le-bom, x-utf-32be-bom, x-utf-32le-bom, x-windows-50220, x-windows-50221, x-windows-874, x-windows-949, x-windows-950, x-windows-iso2022jp
CONTENT-LENGTH: 195
HOST: 10.24.64.112:5000
CONNECTION: Keep-Alive
ACCEPT-ENCODING: gzip,deflate

BODY:
***
[{"wauid":"99c74d65-58e0-4568-85c1-ad796a949192","reoid":"QA28926","unitnum":8,"status":"0","custobj":{"Message":"FInal warning fix this or I will find someone else.","Reason":"Property Issue"}}]

**************************************************
2016-04-20 08:59:24.581886
**************************************************
START LINE:
***
POST 10.24.64.112:5000 HTTP/1.1

HEADER:
***
ACCEPT: text/plain, application/json, application/*+json, */*
USER-AGENT: Mozilla/5.0
ACCEPT-LANGUAGE: en-US,en;q=0.5
CONTENT-TYPE: application/json
AUTHORIZATION: Bearer 582352230fa7959642c3f4af10c0a9af
ACCEPT-CHARSET: big5, big5-hkscs, cesu-8, euc-jp, euc-kr, gb18030, gb2312, gbk, ibm-thai, ibm00858, ibm01140, ibm01141, ibm01142, ibm01143, ibm01144, ibm01145, ibm01146, ibm01147, ibm01148, ibm01149, ibm037, ibm1026, ibm1047, ibm273, ibm277, ibm278, ibm280, ibm284, ibm285, ibm290, ibm297, ibm420, ibm424, ibm437, ibm500, ibm775, ibm850, ibm852, ibm855, ibm857, ibm860, ibm861, ibm862, ibm863, ibm864, ibm865, ibm866, ibm868, ibm869, ibm870, ibm871, ibm918, iso-2022-cn, iso-2022-jp, iso-2022-jp-2, iso-2022-kr, iso-8859-1, iso-8859-13, iso-8859-15, iso-8859-2, iso-8859-3, iso-8859-4, iso-8859-5, iso-8859-6, iso-8859-7, iso-8859-8, iso-8859-9, jis_x0201, jis_x0212-1990, koi8-r, koi8-u, shift_jis, tis-620, us-ascii, utf-16, utf-16be, utf-16le, utf-32, utf-32be, utf-32le, utf-8, windows-1250, windows-1251, windows-1252, windows-1253, windows-1254, windows-1255, windows-1256, windows-1257, windows-1258, windows-31j, x-big5-hkscs-2001, x-big5-solaris, x-compound_text, x-euc-jp-linux, x-euc-tw, x-eucjp-open, x-ibm1006, x-ibm1025, x-ibm1046, x-ibm1097, x-ibm1098, x-ibm1112, x-ibm1122, x-ibm1123, x-ibm1124, x-ibm1166, x-ibm1364, x-ibm1381, x-ibm1383, x-ibm300, x-ibm33722, x-ibm737, x-ibm833, x-ibm834, x-ibm856, x-ibm874, x-ibm875, x-ibm921, x-ibm922, x-ibm930, x-ibm933, x-ibm935, x-ibm937, x-ibm939, x-ibm942, x-ibm942c, x-ibm943, x-ibm943c, x-ibm948, x-ibm949, x-ibm949c, x-ibm950, x-ibm964, x-ibm970, x-iscii91, x-iso-2022-cn-cns, x-iso-2022-cn-gb, x-iso-8859-11, x-jis0208, x-jisautodetect, x-johab, x-macarabic, x-maccentraleurope, x-maccroatian, x-maccyrillic, x-macdingbat, x-macgreek, x-machebrew, x-maciceland, x-macroman, x-macromania, x-macsymbol, x-macthai, x-macturkish, x-macukraine, x-ms932_0213, x-ms950-hkscs, x-ms950-hkscs-xp, x-mswin-936, x-pck, x-sjis_0213, x-utf-16le-bom, x-utf-32be-bom, x-utf-32le-bom, x-windows-50220, x-windows-50221, x-windows-874, x-windows-949, x-windows-950, x-windows-iso2022jp
CONTENT-LENGTH: 108
HOST: 10.24.64.112:5000
CONNECTION: Keep-Alive
ACCEPT-ENCODING: gzip,deflate

BODY:
***
[{"wauid":"3de4ec8a-c765-4aa3-814a-628fcdd21178","reoid":"QA44593","unitnum":7,"status":"1","custobj":null}]

**************************************************
2016-04-20 09:49:24.680526
**************************************************
START LINE:
***
POST 10.24.64.112:5000 HTTP/1.1

HEADER:
***
ACCEPT: text/plain, application/json, application/*+json, */*
USER-AGENT: Mozilla/5.0
ACCEPT-LANGUAGE: en-US,en;q=0.5
CONTENT-TYPE: application/json
AUTHORIZATION: Bearer d8d15c71b0fe532a5b4721794287f8d1
ACCEPT-CHARSET: big5, big5-hkscs, cesu-8, euc-jp, euc-kr, gb18030, gb2312, gbk, ibm-thai, ibm00858, ibm01140, ibm01141, ibm01142, ibm01143, ibm01144, ibm01145, ibm01146, ibm01147, ibm01148, ibm01149, ibm037, ibm1026, ibm1047, ibm273, ibm277, ibm278, ibm280, ibm284, ibm285, ibm290, ibm297, ibm420, ibm424, ibm437, ibm500, ibm775, ibm850, ibm852, ibm855, ibm857, ibm860, ibm861, ibm862, ibm863, ibm864, ibm865, ibm866, ibm868, ibm869, ibm870, ibm871, ibm918, iso-2022-cn, iso-2022-jp, iso-2022-jp-2, iso-2022-kr, iso-8859-1, iso-8859-13, iso-8859-15, iso-8859-2, iso-8859-3, iso-8859-4, iso-8859-5, iso-8859-6, iso-8859-7, iso-8859-8, iso-8859-9, jis_x0201, jis_x0212-1990, koi8-r, koi8-u, shift_jis, tis-620, us-ascii, utf-16, utf-16be, utf-16le, utf-32, utf-32be, utf-32le, utf-8, windows-1250, windows-1251, windows-1252, windows-1253, windows-1254, windows-1255, windows-1256, windows-1257, windows-1258, windows-31j, x-big5-hkscs-2001, x-big5-solaris, x-compound_text, x-euc-jp-linux, x-euc-tw, x-eucjp-open, x-ibm1006, x-ibm1025, x-ibm1046, x-ibm1097, x-ibm1098, x-ibm1112, x-ibm1122, x-ibm1123, x-ibm1124, x-ibm1166, x-ibm1364, x-ibm1381, x-ibm1383, x-ibm300, x-ibm33722, x-ibm737, x-ibm833, x-ibm834, x-ibm856, x-ibm874, x-ibm875, x-ibm921, x-ibm922, x-ibm930, x-ibm933, x-ibm935, x-ibm937, x-ibm939, x-ibm942, x-ibm942c, x-ibm943, x-ibm943c, x-ibm948, x-ibm949, x-ibm949c, x-ibm950, x-ibm964, x-ibm970, x-iscii91, x-iso-2022-cn-cns, x-iso-2022-cn-gb, x-iso-8859-11, x-jis0208, x-jisautodetect, x-johab, x-macarabic, x-maccentraleurope, x-maccroatian, x-maccyrillic, x-macdingbat, x-macgreek, x-machebrew, x-maciceland, x-macroman, x-macromania, x-macsymbol, x-macthai, x-macturkish, x-macukraine, x-ms932_0213, x-ms950-hkscs, x-ms950-hkscs-xp, x-mswin-936, x-pck, x-sjis_0213, x-utf-16le-bom, x-utf-32be-bom, x-utf-32le-bom, x-windows-50220, x-windows-50221, x-windows-874, x-windows-949, x-windows-950, x-windows-iso2022jp
CONTENT-LENGTH: 171
HOST: 10.24.64.112:5000
CONNECTION: Keep-Alive
ACCEPT-ENCODING: gzip,deflate

BODY:
***
[{"wauid":"b27c3d64-19a8-4871-a99f-2bbaff4df73e","reoid":"QA32175","unitnum":5,"status":"0","custobj":{"Message":"Why is this being rejected?","Reason":"Property Issue"}}]

**************************************************
2016-04-21 06:39:26.107153
**************************************************
START LINE:
***
POST 10.24.64.112:5000 HTTP/1.1

HEADER:
***
ACCEPT: text/plain, application/json, application/*+json, */*
USER-AGENT: Mozilla/5.0
ACCEPT-LANGUAGE: en-US,en;q=0.5
CONTENT-TYPE: application/json
AUTHORIZATION: Bearer 0d5c1ebd0565e9eaa36899e98dd6e6c6
ACCEPT-CHARSET: big5, big5-hkscs, cesu-8, euc-jp, euc-kr, gb18030, gb2312, gbk, ibm-thai, ibm00858, ibm01140, ibm01141, ibm01142, ibm01143, ibm01144, ibm01145, ibm01146, ibm01147, ibm01148, ibm01149, ibm037, ibm1026, ibm1047, ibm273, ibm277, ibm278, ibm280, ibm284, ibm285, ibm290, ibm297, ibm420, ibm424, ibm437, ibm500, ibm775, ibm850, ibm852, ibm855, ibm857, ibm860, ibm861, ibm862, ibm863, ibm864, ibm865, ibm866, ibm868, ibm869, ibm870, ibm871, ibm918, iso-2022-cn, iso-2022-jp, iso-2022-jp-2, iso-2022-kr, iso-8859-1, iso-8859-13, iso-8859-15, iso-8859-2, iso-8859-3, iso-8859-4, iso-8859-5, iso-8859-6, iso-8859-7, iso-8859-8, iso-8859-9, jis_x0201, jis_x0212-1990, koi8-r, koi8-u, shift_jis, tis-620, us-ascii, utf-16, utf-16be, utf-16le, utf-32, utf-32be, utf-32le, utf-8, windows-1250, windows-1251, windows-1252, windows-1253, windows-1254, windows-1255, windows-1256, windows-1257, windows-1258, windows-31j, x-big5-hkscs-2001, x-big5-solaris, x-compound_text, x-euc-jp-linux, x-euc-tw, x-eucjp-open, x-ibm1006, x-ibm1025, x-ibm1046, x-ibm1097, x-ibm1098, x-ibm1112, x-ibm1122, x-ibm1123, x-ibm1124, x-ibm1166, x-ibm1364, x-ibm1381, x-ibm1383, x-ibm300, x-ibm33722, x-ibm737, x-ibm833, x-ibm834, x-ibm856, x-ibm874, x-ibm875, x-ibm921, x-ibm922, x-ibm930, x-ibm933, x-ibm935, x-ibm937, x-ibm939, x-ibm942, x-ibm942c, x-ibm943, x-ibm943c, x-ibm948, x-ibm949, x-ibm949c, x-ibm950, x-ibm964, x-ibm970, x-iscii91, x-iso-2022-cn-cns, x-iso-2022-cn-gb, x-iso-8859-11, x-jis0208, x-jisautodetect, x-johab, x-macarabic, x-maccentraleurope, x-maccroatian, x-maccyrillic, x-macdingbat, x-macgreek, x-machebrew, x-maciceland, x-macroman, x-macromania, x-macsymbol, x-macthai, x-macturkish, x-macukraine, x-ms932_0213, x-ms950-hkscs, x-ms950-hkscs-xp, x-mswin-936, x-pck, x-sjis_0213, x-utf-16le-bom, x-utf-32be-bom, x-utf-32le-bom, x-windows-50220, x-windows-50221, x-windows-874, x-windows-949, x-windows-950, x-windows-iso2022jp
CONTENT-LENGTH: 172
HOST: 10.24.64.112:5000
CONNECTION: Keep-Alive
ACCEPT-ENCODING: gzip,deflate

BODY:
***
[{"wauid":"fa94c310-a040-40f9-9ffa-17b23be73224","reoid":"QA58421","unitnum":4,"status":"0","custobj":{"Message":"Why is this being rejected","Reason":"Nuclear Disaster"}}]

**************************************************
2016-04-21 06:59:26.134434
**************************************************
START LINE:
***
POST 10.24.64.112:5000 HTTP/1.1

HEADER:
***
ACCEPT: text/plain, application/json, application/*+json, */*
USER-AGENT: Mozilla/5.0
ACCEPT-LANGUAGE: en-US,en;q=0.5
CONTENT-TYPE: application/json
AUTHORIZATION: Bearer 2155ae3b7bedd9355679e76a2aa4711a
ACCEPT-CHARSET: big5, big5-hkscs, cesu-8, euc-jp, euc-kr, gb18030, gb2312, gbk, ibm-thai, ibm00858, ibm01140, ibm01141, ibm01142, ibm01143, ibm01144, ibm01145, ibm01146, ibm01147, ibm01148, ibm01149, ibm037, ibm1026, ibm1047, ibm273, ibm277, ibm278, ibm280, ibm284, ibm285, ibm290, ibm297, ibm420, ibm424, ibm437, ibm500, ibm775, ibm850, ibm852, ibm855, ibm857, ibm860, ibm861, ibm862, ibm863, ibm864, ibm865, ibm866, ibm868, ibm869, ibm870, ibm871, ibm918, iso-2022-cn, iso-2022-jp, iso-2022-jp-2, iso-2022-kr, iso-8859-1, iso-8859-13, iso-8859-15, iso-8859-2, iso-8859-3, iso-8859-4, iso-8859-5, iso-8859-6, iso-8859-7, iso-8859-8, iso-8859-9, jis_x0201, jis_x0212-1990, koi8-r, koi8-u, shift_jis, tis-620, us-ascii, utf-16, utf-16be, utf-16le, utf-32, utf-32be, utf-32le, utf-8, windows-1250, windows-1251, windows-1252, windows-1253, windows-1254, windows-1255, windows-1256, windows-1257, windows-1258, windows-31j, x-big5-hkscs-2001, x-big5-solaris, x-compound_text, x-euc-jp-linux, x-euc-tw, x-eucjp-open, x-ibm1006, x-ibm1025, x-ibm1046, x-ibm1097, x-ibm1098, x-ibm1112, x-ibm1122, x-ibm1123, x-ibm1124, x-ibm1166, x-ibm1364, x-ibm1381, x-ibm1383, x-ibm300, x-ibm33722, x-ibm737, x-ibm833, x-ibm834, x-ibm856, x-ibm874, x-ibm875, x-ibm921, x-ibm922, x-ibm930, x-ibm933, x-ibm935, x-ibm937, x-ibm939, x-ibm942, x-ibm942c, x-ibm943, x-ibm943c, x-ibm948, x-ibm949, x-ibm949c, x-ibm950, x-ibm964, x-ibm970, x-iscii91, x-iso-2022-cn-cns, x-iso-2022-cn-gb, x-iso-8859-11, x-jis0208, x-jisautodetect, x-johab, x-macarabic, x-maccentraleurope, x-maccroatian, x-maccyrillic, x-macdingbat, x-macgreek, x-machebrew, x-maciceland, x-macroman, x-macromania, x-macsymbol, x-macthai, x-macturkish, x-macukraine, x-ms932_0213, x-ms950-hkscs, x-ms950-hkscs-xp, x-mswin-936, x-pck, x-sjis_0213, x-utf-16le-bom, x-utf-32be-bom, x-utf-32le-bom, x-windows-50220, x-windows-50221, x-windows-874, x-windows-949, x-windows-950, x-windows-iso2022jp
CONTENT-LENGTH: 130
HOST: 10.24.64.112:5000
CONNECTION: Keep-Alive
ACCEPT-ENCODING: gzip,deflate

BODY:
***
[{"wauid":"fa94c310-a040-40f9-9ffa-17b23be73224","reoid":"QA58421","unitnum":4,"status":"1","custobj":{"Message":"","Reason":""}}]

**************************************************
2016-04-21 08:29:26.273099
**************************************************
START LINE:
***
POST 10.24.64.112:5000 HTTP/1.1

HEADER:
***
ACCEPT: text/plain, application/json, application/*+json, */*
USER-AGENT: Mozilla/5.0
ACCEPT-LANGUAGE: en-US,en;q=0.5
CONTENT-TYPE: application/json
AUTHORIZATION: Bearer af52d090ce674ea3e86405964378bb50
ACCEPT-CHARSET: big5, big5-hkscs, cesu-8, euc-jp, euc-kr, gb18030, gb2312, gbk, ibm-thai, ibm00858, ibm01140, ibm01141, ibm01142, ibm01143, ibm01144, ibm01145, ibm01146, ibm01147, ibm01148, ibm01149, ibm037, ibm1026, ibm1047, ibm273, ibm277, ibm278, ibm280, ibm284, ibm285, ibm290, ibm297, ibm420, ibm424, ibm437, ibm500, ibm775, ibm850, ibm852, ibm855, ibm857, ibm860, ibm861, ibm862, ibm863, ibm864, ibm865, ibm866, ibm868, ibm869, ibm870, ibm871, ibm918, iso-2022-cn, iso-2022-jp, iso-2022-jp-2, iso-2022-kr, iso-8859-1, iso-8859-13, iso-8859-15, iso-8859-2, iso-8859-3, iso-8859-4, iso-8859-5, iso-8859-6, iso-8859-7, iso-8859-8, iso-8859-9, jis_x0201, jis_x0212-1990, koi8-r, koi8-u, shift_jis, tis-620, us-ascii, utf-16, utf-16be, utf-16le, utf-32, utf-32be, utf-32le, utf-8, windows-1250, windows-1251, windows-1252, windows-1253, windows-1254, windows-1255, windows-1256, windows-1257, windows-1258, windows-31j, x-big5-hkscs-2001, x-big5-solaris, x-compound_text, x-euc-jp-linux, x-euc-tw, x-eucjp-open, x-ibm1006, x-ibm1025, x-ibm1046, x-ibm1097, x-ibm1098, x-ibm1112, x-ibm1122, x-ibm1123, x-ibm1124, x-ibm1166, x-ibm1364, x-ibm1381, x-ibm1383, x-ibm300, x-ibm33722, x-ibm737, x-ibm833, x-ibm834, x-ibm856, x-ibm874, x-ibm875, x-ibm921, x-ibm922, x-ibm930, x-ibm933, x-ibm935, x-ibm937, x-ibm939, x-ibm942, x-ibm942c, x-ibm943, x-ibm943c, x-ibm948, x-ibm949, x-ibm949c, x-ibm950, x-ibm964, x-ibm970, x-iscii91, x-iso-2022-cn-cns, x-iso-2022-cn-gb, x-iso-8859-11, x-jis0208, x-jisautodetect, x-johab, x-macarabic, x-maccentraleurope, x-maccroatian, x-maccyrillic, x-macdingbat, x-macgreek, x-machebrew, x-maciceland, x-macroman, x-macromania, x-macsymbol, x-macthai, x-macturkish, x-macukraine, x-ms932_0213, x-ms950-hkscs, x-ms950-hkscs-xp, x-mswin-936, x-pck, x-sjis_0213, x-utf-16le-bom, x-utf-32be-bom, x-utf-32le-bom, x-windows-50220, x-windows-50221, x-windows-874, x-windows-949, x-windows-950, x-windows-iso2022jp
CONTENT-LENGTH: 2030
HOST: 10.24.64.112:5000
CONNECTION: Keep-Alive
ACCEPT-ENCODING: gzip,deflate

BODY:
***
[{"wauid":"f85e0327-9914-42f7-8242-dae084fac836","reoid":"QA91627","unitnum":5,"status":"0","custobj":{"Message":"Reassessing the Impacts of Brain Drain on Developing CountriesBrain drain, which is the action of having highly skilled and educated people leaving their country to work abroad, has become one of the developing countries concern. Brain drain is also referred to as human capital flight. More and more third world science and technology educated people are heading for more prosperous countries seeking higher wages and better working conditions. This has of course serious consequences on the sending countries.While many people believe that immigration is a personal choice that must be understood and respected, others look at the phenomenon from a different perspective. What makes those educated people leave their countries should be seriously considered and a distinction between push and pull factors must be made. The push factors include low wages and lack of satisfactory working and living conditions. Social unrest, political conflicts and wars may also be determining causes. The pull factors, however, include intellectual freedom and substantial funds for research.Brain drain has negative impact on the sending countries economic prospects and competitiveness. It reduces the number of dynamic and creative people who can contribute to the development of their country. Likewise, with more entrepreneurs taking their investments abroad, developing countries are missing an opportunity of wealth creation. This has also negative consequences on tax revenue and employment.Most of the measures taken so far have not had any success in alleviating the effects of brain drain. A more global view must take into consideration the provision of adequate working and living conditions in the sending countries. An other option should involve encouraging the expatriates to contribute their skill to the development of their countries without necessarily physically relocating.","Reason":"Nuclear Disaster"}}]

**************************************************
2016-04-21 08:39:26.229099
**************************************************
START LINE:
***
POST 10.24.64.112:5000 HTTP/1.1

HEADER:
***
ACCEPT: text/plain, application/json, application/*+json, */*
USER-AGENT: Mozilla/5.0
ACCEPT-LANGUAGE: en-US,en;q=0.5
CONTENT-TYPE: application/json
AUTHORIZATION: Bearer 60809e8a4aa4314659139d0264f24871
ACCEPT-CHARSET: big5, big5-hkscs, cesu-8, euc-jp, euc-kr, gb18030, gb2312, gbk, ibm-thai, ibm00858, ibm01140, ibm01141, ibm01142, ibm01143, ibm01144, ibm01145, ibm01146, ibm01147, ibm01148, ibm01149, ibm037, ibm1026, ibm1047, ibm273, ibm277, ibm278, ibm280, ibm284, ibm285, ibm290, ibm297, ibm420, ibm424, ibm437, ibm500, ibm775, ibm850, ibm852, ibm855, ibm857, ibm860, ibm861, ibm862, ibm863, ibm864, ibm865, ibm866, ibm868, ibm869, ibm870, ibm871, ibm918, iso-2022-cn, iso-2022-jp, iso-2022-jp-2, iso-2022-kr, iso-8859-1, iso-8859-13, iso-8859-15, iso-8859-2, iso-8859-3, iso-8859-4, iso-8859-5, iso-8859-6, iso-8859-7, iso-8859-8, iso-8859-9, jis_x0201, jis_x0212-1990, koi8-r, koi8-u, shift_jis, tis-620, us-ascii, utf-16, utf-16be, utf-16le, utf-32, utf-32be, utf-32le, utf-8, windows-1250, windows-1251, windows-1252, windows-1253, windows-1254, windows-1255, windows-1256, windows-1257, windows-1258, windows-31j, x-big5-hkscs-2001, x-big5-solaris, x-compound_text, x-euc-jp-linux, x-euc-tw, x-eucjp-open, x-ibm1006, x-ibm1025, x-ibm1046, x-ibm1097, x-ibm1098, x-ibm1112, x-ibm1122, x-ibm1123, x-ibm1124, x-ibm1166, x-ibm1364, x-ibm1381, x-ibm1383, x-ibm300, x-ibm33722, x-ibm737, x-ibm833, x-ibm834, x-ibm856, x-ibm874, x-ibm875, x-ibm921, x-ibm922, x-ibm930, x-ibm933, x-ibm935, x-ibm937, x-ibm939, x-ibm942, x-ibm942c, x-ibm943, x-ibm943c, x-ibm948, x-ibm949, x-ibm949c, x-ibm950, x-ibm964, x-ibm970, x-iscii91, x-iso-2022-cn-cns, x-iso-2022-cn-gb, x-iso-8859-11, x-jis0208, x-jisautodetect, x-johab, x-macarabic, x-maccentraleurope, x-maccroatian, x-maccyrillic, x-macdingbat, x-macgreek, x-machebrew, x-maciceland, x-macroman, x-macromania, x-macsymbol, x-macthai, x-macturkish, x-macukraine, x-ms932_0213, x-ms950-hkscs, x-ms950-hkscs-xp, x-mswin-936, x-pck, x-sjis_0213, x-utf-16le-bom, x-utf-32be-bom, x-utf-32le-bom, x-windows-50220, x-windows-50221, x-windows-874, x-windows-949, x-windows-950, x-windows-iso2022jp
CONTENT-LENGTH: 166
HOST: 10.24.64.112:5000
CONNECTION: Keep-Alive
ACCEPT-ENCODING: gzip,deflate

BODY:
***
[{"wauid":"f85e0327-9914-42f7-8242-dae084fac836","reoid":"QA91627","unitnum":5,"status":"0","custobj":{"Message":"Why is this being rejected?","Reason":"Rep Issue"}}]

**************************************************
2016-04-21 09:29:26.315041
**************************************************
START LINE:
***
POST 10.24.64.112:5000 HTTP/1.1

HEADER:
***
ACCEPT: text/plain, application/json, application/*+json, */*
USER-AGENT: Mozilla/5.0
ACCEPT-LANGUAGE: en-US,en;q=0.5
CONTENT-TYPE: application/json
AUTHORIZATION: Bearer 4ee183d78def80ccf937086c2c1abee5
ACCEPT-CHARSET: big5, big5-hkscs, cesu-8, euc-jp, euc-kr, gb18030, gb2312, gbk, ibm-thai, ibm00858, ibm01140, ibm01141, ibm01142, ibm01143, ibm01144, ibm01145, ibm01146, ibm01147, ibm01148, ibm01149, ibm037, ibm1026, ibm1047, ibm273, ibm277, ibm278, ibm280, ibm284, ibm285, ibm290, ibm297, ibm420, ibm424, ibm437, ibm500, ibm775, ibm850, ibm852, ibm855, ibm857, ibm860, ibm861, ibm862, ibm863, ibm864, ibm865, ibm866, ibm868, ibm869, ibm870, ibm871, ibm918, iso-2022-cn, iso-2022-jp, iso-2022-jp-2, iso-2022-kr, iso-8859-1, iso-8859-13, iso-8859-15, iso-8859-2, iso-8859-3, iso-8859-4, iso-8859-5, iso-8859-6, iso-8859-7, iso-8859-8, iso-8859-9, jis_x0201, jis_x0212-1990, koi8-r, koi8-u, shift_jis, tis-620, us-ascii, utf-16, utf-16be, utf-16le, utf-32, utf-32be, utf-32le, utf-8, windows-1250, windows-1251, windows-1252, windows-1253, windows-1254, windows-1255, windows-1256, windows-1257, windows-1258, windows-31j, x-big5-hkscs-2001, x-big5-solaris, x-compound_text, x-euc-jp-linux, x-euc-tw, x-eucjp-open, x-ibm1006, x-ibm1025, x-ibm1046, x-ibm1097, x-ibm1098, x-ibm1112, x-ibm1122, x-ibm1123, x-ibm1124, x-ibm1166, x-ibm1364, x-ibm1381, x-ibm1383, x-ibm300, x-ibm33722, x-ibm737, x-ibm833, x-ibm834, x-ibm856, x-ibm874, x-ibm875, x-ibm921, x-ibm922, x-ibm930, x-ibm933, x-ibm935, x-ibm937, x-ibm939, x-ibm942, x-ibm942c, x-ibm943, x-ibm943c, x-ibm948, x-ibm949, x-ibm949c, x-ibm950, x-ibm964, x-ibm970, x-iscii91, x-iso-2022-cn-cns, x-iso-2022-cn-gb, x-iso-8859-11, x-jis0208, x-jisautodetect, x-johab, x-macarabic, x-maccentraleurope, x-maccroatian, x-maccyrillic, x-macdingbat, x-macgreek, x-machebrew, x-maciceland, x-macroman, x-macromania, x-macsymbol, x-macthai, x-macturkish, x-macukraine, x-ms932_0213, x-ms950-hkscs, x-ms950-hkscs-xp, x-mswin-936, x-pck, x-sjis_0213, x-utf-16le-bom, x-utf-32be-bom, x-utf-32le-bom, x-windows-50220, x-windows-50221, x-windows-874, x-windows-949, x-windows-950, x-windows-iso2022jp
CONTENT-LENGTH: 130
HOST: 10.24.64.112:5000
CONNECTION: Keep-Alive
ACCEPT-ENCODING: gzip,deflate

BODY:
***
[{"wauid":"f85e0327-9914-42f7-8242-dae084fac836","reoid":"QA91627","unitnum":5,"status":"1","custobj":{"Message":"","Reason":""}}]

**************************************************
2016-04-22 06:49:27.849967
**************************************************
START LINE:
***
POST 10.24.64.112:5000 HTTP/1.1

HEADER:
***
ACCEPT: text/plain, application/json, application/*+json, */*
USER-AGENT: Mozilla/5.0
ACCEPT-LANGUAGE: en-US,en;q=0.5
CONTENT-TYPE: application/json
AUTHORIZATION: Bearer e19f93817a36c0bab583654c555f55f0
ACCEPT-CHARSET: big5, big5-hkscs, cesu-8, euc-jp, euc-kr, gb18030, gb2312, gbk, ibm-thai, ibm00858, ibm01140, ibm01141, ibm01142, ibm01143, ibm01144, ibm01145, ibm01146, ibm01147, ibm01148, ibm01149, ibm037, ibm1026, ibm1047, ibm273, ibm277, ibm278, ibm280, ibm284, ibm285, ibm290, ibm297, ibm420, ibm424, ibm437, ibm500, ibm775, ibm850, ibm852, ibm855, ibm857, ibm860, ibm861, ibm862, ibm863, ibm864, ibm865, ibm866, ibm868, ibm869, ibm870, ibm871, ibm918, iso-2022-cn, iso-2022-jp, iso-2022-jp-2, iso-2022-kr, iso-8859-1, iso-8859-13, iso-8859-15, iso-8859-2, iso-8859-3, iso-8859-4, iso-8859-5, iso-8859-6, iso-8859-7, iso-8859-8, iso-8859-9, jis_x0201, jis_x0212-1990, koi8-r, koi8-u, shift_jis, tis-620, us-ascii, utf-16, utf-16be, utf-16le, utf-32, utf-32be, utf-32le, utf-8, windows-1250, windows-1251, windows-1252, windows-1253, windows-1254, windows-1255, windows-1256, windows-1257, windows-1258, windows-31j, x-big5-hkscs-2001, x-big5-solaris, x-compound_text, x-euc-jp-linux, x-euc-tw, x-eucjp-open, x-ibm1006, x-ibm1025, x-ibm1046, x-ibm1097, x-ibm1098, x-ibm1112, x-ibm1122, x-ibm1123, x-ibm1124, x-ibm1166, x-ibm1364, x-ibm1381, x-ibm1383, x-ibm300, x-ibm33722, x-ibm737, x-ibm833, x-ibm834, x-ibm856, x-ibm874, x-ibm875, x-ibm921, x-ibm922, x-ibm930, x-ibm933, x-ibm935, x-ibm937, x-ibm939, x-ibm942, x-ibm942c, x-ibm943, x-ibm943c, x-ibm948, x-ibm949, x-ibm949c, x-ibm950, x-ibm964, x-ibm970, x-iscii91, x-iso-2022-cn-cns, x-iso-2022-cn-gb, x-iso-8859-11, x-jis0208, x-jisautodetect, x-johab, x-macarabic, x-maccentraleurope, x-maccroatian, x-maccyrillic, x-macdingbat, x-macgreek, x-machebrew, x-maciceland, x-macroman, x-macromania, x-macsymbol, x-macthai, x-macturkish, x-macukraine, x-ms932_0213, x-ms950-hkscs, x-ms950-hkscs-xp, x-mswin-936, x-pck, x-sjis_0213, x-utf-16le-bom, x-utf-32be-bom, x-utf-32le-bom, x-windows-50220, x-windows-50221, x-windows-874, x-windows-949, x-windows-950, x-windows-iso2022jp
CONTENT-LENGTH: 173
HOST: 10.24.64.112:5000
CONNECTION: Keep-Alive
ACCEPT-ENCODING: gzip,deflate

BODY:
***
[{"wauid":"11eba88e-c954-4ff9-a3ce-4546d01a6cb6","reoid":"QA11810","unitnum":6,"status":"0","custobj":{"Message":"Why is this being rejected?","Reason":"Nuclear Disaster"}}]
